<?xml version="1.0" encoding="UTF-8"?>
<!-- Generated by org.testng.reporters.JUnitXMLReporter -->
<testsuite ignored="0" hostname="inbl01lap7065" failures="0" tests="4" name="Test" time="93.623" errors="0" timestamp="19 Feb 2022 09:13:40 GMT">
  <testcase classname="com.qa.Testcases.LoginTest" name="validateLogin" time="6.935"/>
  <testcase classname="com.qa.Testcases.DashboardTest" name="validateDashboard" time="12.021"/>
  <testcase classname="com.qa.Testcases.AppointTest" name="validateAppointment" time="13.067"/>
  <testcase classname="com.qa.Testcases.CaptureVitalsTest" name="validateCapture" time="14.745"/>
</testsuite> <!-- Test -->
